[04/03/16 12:04:38] Trace: Robot started
[04/03/16 12:04:38] Trace: MarketData created: SPBOPT RI85000BF6
[04/03/16 12:04:38] Trace: MarketData created: SPBFUT RIM6
[04/03/16 12:04:38] Trace: SmartOrder created with trans_id: 6323
[04/03/16 12:04:38] Trace: SmartOrder created with trans_id: 6641
[04/03/16 12:04:38] Debug: Optionbase= RIM6 Optiontype= Call
[04/03/16 12:04:38] Debug: MAX_VOLA= 36 FIX_VOLA= 35
[04/03/16 12:04:38] Debug: ==============================================================================================#1=
[04/03/16 12:04:38] Debug: vola=35.654 max_vola=36 best_offer=8500 theor_price=-1.#IND quik_theor_price=6150 opt_qty=2
[04/03/16 12:04:38] Debug: ----------------------------------------------------------------------------------------------------
[04/03/16 12:04:38] Debug: Processing SmartOrder >> 6323
[04/03/16 12:04:38] Debug: Parameters >> price=nil planned=0 position=0 order_qty=nil
[04/03/16 12:04:38] Debug: ----------------------------------------------------------------------------------------------------
[04/03/16 12:04:38] Debug: Processing SmartOrder >> 6641
[04/03/16 12:04:38] Debug: Parameters >> price=nil planned=0 position=0 order_qty=nil
[04/03/16 12:04:38] Debug: ----------------------------------------------------------------------------------------------------
[04/03/16 12:04:38] Debug: Processing SmartOrder >> 6323
[04/03/16 12:04:38] Debug: Parameters >> price=nil planned=0 position=0 order_qty=nil
[04/03/16 12:04:38] Debug: ----------------------------------------------------------------------------------------------------
[04/03/16 12:04:38] Debug: Processing SmartOrder >> 6641
[04/03/16 12:04:38] Debug: Parameters >> price=86270 planned=0 position=0 order_qty=nil
[04/03/16 12:04:39] Debug: ==============================================================================================#1=
[04/03/16 12:04:39] Debug: vola=35.654 max_vola=36 best_offer=8500 theor_price=-1.#IND quik_theor_price=6150 opt_qty=4
[04/03/16 12:04:39] Debug: ----------------------------------------------------------------------------------------------------
[04/03/16 12:04:39] Debug: Processing SmartOrder >> 6323
[04/03/16 12:04:39] Debug: Parameters >> price=nil planned=0 position=0 order_qty=nil
[04/03/16 12:04:39] Debug: ----------------------------------------------------------------------------------------------------
[04/03/16 12:04:39] Debug: Processing SmartOrder >> 6641
[04/03/16 12:04:39] Debug: Parameters >> price=86270 planned=0 position=0 order_qty=nil
[04/03/16 12:04:39] Debug: ----------------------------------------------------------------------------------------------------
[04/03/16 12:04:39] Debug: Processing SmartOrder >> 6323
[04/03/16 12:04:39] Debug: Parameters >> price=nil planned=0 position=0 order_qty=nil
[04/03/16 12:04:39] Debug: ----------------------------------------------------------------------------------------------------
[04/03/16 12:04:39] Debug: Processing SmartOrder >> 6641
[04/03/16 12:04:39] Debug: Parameters >> price=86270 planned=0 position=0 order_qty=nil
[04/03/16 12:04:39] Debug: ==============================================================================================#1=
[04/03/16 12:04:39] Debug: vola=35.654 max_vola=36 best_offer=8500 theor_price=-1.#IND quik_theor_price=6150 opt_qty=6
[04/03/16 12:04:39] Debug: ----------------------------------------------------------------------------------------------------
[04/03/16 12:04:39] Debug: Processing SmartOrder >> 6323
[04/03/16 12:04:39] Debug: Parameters >> price=nil planned=0 position=0 order_qty=nil
[04/03/16 12:04:39] Debug: ----------------------------------------------------------------------------------------------------
[04/03/16 12:04:39] Debug: Processing SmartOrder >> 6641
[04/03/16 12:04:39] Debug: Parameters >> price=86270 planned=0 position=0 order_qty=nil
[04/03/16 12:04:39] Debug: ----------------------------------------------------------------------------------------------------
[04/03/16 12:04:39] Debug: Processing SmartOrder >> 6323
[04/03/16 12:04:39] Debug: Parameters >> price=nil planned=0 position=0 order_qty=nil
[04/03/16 12:04:39] Debug: ----------------------------------------------------------------------------------------------------
[04/03/16 12:04:39] Debug: Processing SmartOrder >> 6641
[04/03/16 12:04:39] Debug: Parameters >> price=86270 planned=0 position=0 order_qty=nil
[04/03/16 12:04:39] Debug: ==============================================================================================#1=
[04/03/16 12:04:39] Debug: vola=35.654 max_vola=36 best_offer=8500 theor_price=-1.#IND quik_theor_price=6150 opt_qty=8
[04/03/16 12:04:39] Debug: ----------------------------------------------------------------------------------------------------
[04/03/16 12:04:39] Debug: Processing SmartOrder >> 6323
[04/03/16 12:04:39] Debug: Parameters >> price=nil planned=0 position=0 order_qty=nil
[04/03/16 12:04:39] Debug: ----------------------------------------------------------------------------------------------------
[04/03/16 12:04:39] Debug: Processing SmartOrder >> 6641
[04/03/16 12:04:39] Debug: Parameters >> price=86270 planned=0 position=0 order_qty=nil
[04/03/16 12:04:39] Debug: ----------------------------------------------------------------------------------------------------
[04/03/16 12:04:39] Debug: Processing SmartOrder >> 6323
[04/03/16 12:04:39] Debug: Parameters >> price=nil planned=0 position=0 order_qty=nil
[04/03/16 12:04:39] Debug: ----------------------------------------------------------------------------------------------------
[04/03/16 12:04:39] Debug: Processing SmartOrder >> 6641
[04/03/16 12:04:39] Debug: Parameters >> price=86270 planned=0 position=0 order_qty=nil
[04/03/16 12:04:39] Debug: ==============================================================================================#1=
[04/03/16 12:04:39] Debug: vola=35.654 max_vola=36 best_offer=8500 theor_price=-1.#IND quik_theor_price=6150 opt_qty=10
[04/03/16 12:04:39] Debug: ----------------------------------------------------------------------------------------------------
[04/03/16 12:04:39] Debug: Processing SmartOrder >> 6323
[04/03/16 12:04:39] Debug: Parameters >> price=nil planned=0 position=0 order_qty=nil
[04/03/16 12:04:39] Debug: ----------------------------------------------------------------------------------------------------
[04/03/16 12:04:39] Debug: Processing SmartOrder >> 6641
[04/03/16 12:04:39] Debug: Parameters >> price=86270 planned=0 position=0 order_qty=nil
[04/03/16 12:04:39] Debug: ----------------------------------------------------------------------------------------------------
[04/03/16 12:04:39] Debug: Processing SmartOrder >> 6323
[04/03/16 12:04:39] Debug: Parameters >> price=nil planned=0 position=0 order_qty=nil
[04/03/16 12:04:39] Debug: ----------------------------------------------------------------------------------------------------
[04/03/16 12:04:39] Debug: Processing SmartOrder >> 6641
[04/03/16 12:04:39] Debug: Parameters >> price=86270 planned=0 position=0 order_qty=nil
[04/03/16 12:04:39] Debug: ==============================================================================================#1=
[04/03/16 12:04:39] Debug: vola=35.654 max_vola=36 best_offer=8500 theor_price=-1.#IND quik_theor_price=6150 opt_qty=12
[04/03/16 12:04:39] Debug: ----------------------------------------------------------------------------------------------------
[04/03/16 12:04:39] Debug: Processing SmartOrder >> 6323
[04/03/16 12:04:39] Debug: Parameters >> price=nil planned=0 position=0 order_qty=nil
[04/03/16 12:04:39] Debug: ----------------------------------------------------------------------------------------------------
[04/03/16 12:04:39] Debug: Processing SmartOrder >> 6641
[04/03/16 12:04:39] Debug: Parameters >> price=86270 planned=0 position=0 order_qty=nil
[04/03/16 12:04:39] Debug: ----------------------------------------------------------------------------------------------------
[04/03/16 12:04:39] Debug: Processing SmartOrder >> 6323
[04/03/16 12:04:39] Debug: Parameters >> price=nil planned=0 position=0 order_qty=nil
[04/03/16 12:04:39] Debug: ----------------------------------------------------------------------------------------------------
[04/03/16 12:04:39] Debug: Processing SmartOrder >> 6641
[04/03/16 12:04:39] Debug: Parameters >> price=86270 planned=0 position=0 order_qty=nil
[04/03/16 12:04:40] Debug: ==============================================================================================#1=
[04/03/16 12:04:40] Debug: vola=35.654 max_vola=36 best_offer=8500 theor_price=-1.#IND quik_theor_price=6150 opt_qty=14
[04/03/16 12:04:40] Debug: ----------------------------------------------------------------------------------------------------
[04/03/16 12:04:40] Debug: Processing SmartOrder >> 6323
[04/03/16 12:04:40] Debug: Parameters >> price=nil planned=0 position=0 order_qty=nil
[04/03/16 12:04:40] Debug: ----------------------------------------------------------------------------------------------------
[04/03/16 12:04:40] Debug: Processing SmartOrder >> 6641
[04/03/16 12:04:40] Debug: Parameters >> price=86270 planned=0 position=0 order_qty=nil
[04/03/16 12:04:40] Debug: ----------------------------------------------------------------------------------------------------
[04/03/16 12:04:40] Debug: Processing SmartOrder >> 6323
[04/03/16 12:04:40] Debug: Parameters >> price=nil planned=0 position=0 order_qty=nil
[04/03/16 12:04:40] Debug: ----------------------------------------------------------------------------------------------------
[04/03/16 12:04:40] Debug: Processing SmartOrder >> 6641
[04/03/16 12:04:40] Debug: Parameters >> price=86270 planned=0 position=0 order_qty=nil
[04/03/16 12:04:40] Debug: ==============================================================================================#1=
[04/03/16 12:04:40] Debug: vola=35.654 max_vola=36 best_offer=8500 theor_price=-1.#IND quik_theor_price=6150 opt_qty=16
[04/03/16 12:04:40] Debug: ----------------------------------------------------------------------------------------------------
[04/03/16 12:04:40] Debug: Processing SmartOrder >> 6323
[04/03/16 12:04:40] Debug: Parameters >> price=nil planned=0 position=0 order_qty=nil
[04/03/16 12:04:40] Debug: ----------------------------------------------------------------------------------------------------
[04/03/16 12:04:40] Debug: Processing SmartOrder >> 6641
[04/03/16 12:04:40] Debug: Parameters >> price=86270 planned=0 position=0 order_qty=nil
[04/03/16 12:04:40] Debug: ----------------------------------------------------------------------------------------------------
[04/03/16 12:04:40] Debug: Processing SmartOrder >> 6323
[04/03/16 12:04:40] Debug: Parameters >> price=nil planned=0 position=0 order_qty=nil
[04/03/16 12:04:40] Debug: ----------------------------------------------------------------------------------------------------
[04/03/16 12:04:40] Debug: Processing SmartOrder >> 6641
[04/03/16 12:04:40] Debug: Parameters >> price=86270 planned=0 position=0 order_qty=nil
[04/03/16 12:04:40] Debug: ==============================================================================================#1=
[04/03/16 12:04:40] Debug: vola=35.654 max_vola=36 best_offer=8500 theor_price=-1.#IND quik_theor_price=6150 opt_qty=18
[04/03/16 12:04:40] Debug: ----------------------------------------------------------------------------------------------------
[04/03/16 12:04:40] Debug: Processing SmartOrder >> 6323
[04/03/16 12:04:40] Debug: Parameters >> price=nil planned=0 position=0 order_qty=nil
[04/03/16 12:04:40] Debug: ----------------------------------------------------------------------------------------------------
[04/03/16 12:04:40] Debug: Processing SmartOrder >> 6641
[04/03/16 12:04:40] Debug: Parameters >> price=86270 planned=0 position=0 order_qty=nil
[04/03/16 12:04:40] Debug: ----------------------------------------------------------------------------------------------------
[04/03/16 12:04:40] Debug: Processing SmartOrder >> 6323
[04/03/16 12:04:40] Debug: Parameters >> price=nil planned=0 position=0 order_qty=nil
[04/03/16 12:04:40] Debug: ----------------------------------------------------------------------------------------------------
[04/03/16 12:04:40] Debug: Processing SmartOrder >> 6641
[04/03/16 12:04:40] Debug: Parameters >> price=86270 planned=0 position=0 order_qty=nil
[04/03/16 12:04:40] Debug: ==============================================================================================#1=
[04/03/16 12:04:40] Debug: vola=35.654 max_vola=36 best_offer=8500 theor_price=-1.#IND quik_theor_price=6150 opt_qty=20
[04/03/16 12:04:40] Debug: ----------------------------------------------------------------------------------------------------
[04/03/16 12:04:40] Debug: Processing SmartOrder >> 6323
[04/03/16 12:04:40] Debug: Parameters >> price=nil planned=0 position=0 order_qty=nil
[04/03/16 12:04:40] Debug: ----------------------------------------------------------------------------------------------------
[04/03/16 12:04:40] Debug: Processing SmartOrder >> 6641
[04/03/16 12:04:40] Debug: Parameters >> price=86270 planned=0 position=0 order_qty=nil
[04/03/16 12:04:40] Debug: ----------------------------------------------------------------------------------------------------
[04/03/16 12:04:40] Debug: Processing SmartOrder >> 6323
[04/03/16 12:04:40] Debug: Parameters >> price=nil planned=0 position=0 order_qty=nil
[04/03/16 12:04:40] Debug: ----------------------------------------------------------------------------------------------------
[04/03/16 12:04:40] Debug: Processing SmartOrder >> 6641
[04/03/16 12:04:40] Debug: Parameters >> price=86270 planned=0 position=0 order_qty=nil
[04/03/16 12:04:40] Debug: ==============================================================================================#1=
[04/03/16 12:04:40] Debug: vola=35.654 max_vola=36 best_offer=8500 theor_price=-1.#IND quik_theor_price=6150 opt_qty=22
[04/03/16 12:04:40] Debug: ----------------------------------------------------------------------------------------------------
[04/03/16 12:04:40] Debug: Processing SmartOrder >> 6323
[04/03/16 12:04:40] Debug: Parameters >> price=nil planned=0 position=0 order_qty=nil
[04/03/16 12:04:40] Debug: ----------------------------------------------------------------------------------------------------
[04/03/16 12:04:40] Debug: Processing SmartOrder >> 6641
[04/03/16 12:04:40] Debug: Parameters >> price=86270 planned=0 position=0 order_qty=nil
[04/03/16 12:04:40] Debug: ----------------------------------------------------------------------------------------------------
[04/03/16 12:04:40] Debug: Processing SmartOrder >> 6323
[04/03/16 12:04:40] Debug: Parameters >> price=nil planned=0 position=0 order_qty=nil
[04/03/16 12:04:40] Debug: ----------------------------------------------------------------------------------------------------
[04/03/16 12:04:40] Debug: Processing SmartOrder >> 6641
[04/03/16 12:04:40] Debug: Parameters >> price=86270 planned=0 position=0 order_qty=nil
[04/03/16 12:04:41] Debug: ==============================================================================================#1=
[04/03/16 12:04:41] Debug: vola=35.654 max_vola=36 best_offer=8500 theor_price=-1.#IND quik_theor_price=6150 opt_qty=24
[04/03/16 12:04:41] Debug: ----------------------------------------------------------------------------------------------------
[04/03/16 12:04:41] Debug: Processing SmartOrder >> 6323
[04/03/16 12:04:41] Debug: Parameters >> price=nil planned=0 position=0 order_qty=nil
[04/03/16 12:04:41] Debug: ----------------------------------------------------------------------------------------------------
[04/03/16 12:04:41] Debug: Processing SmartOrder >> 6641
[04/03/16 12:04:41] Debug: Parameters >> price=86270 planned=0 position=0 order_qty=nil
[04/03/16 12:04:41] Debug: ----------------------------------------------------------------------------------------------------
[04/03/16 12:04:41] Debug: Processing SmartOrder >> 6323
[04/03/16 12:04:41] Debug: Parameters >> price=nil planned=0 position=0 order_qty=nil
[04/03/16 12:04:41] Debug: ----------------------------------------------------------------------------------------------------
[04/03/16 12:04:41] Debug: Processing SmartOrder >> 6641
[04/03/16 12:04:41] Debug: Parameters >> price=86270 planned=0 position=0 order_qty=nil
[04/03/16 12:04:41] Debug: ==============================================================================================#1=
[04/03/16 12:04:41] Debug: vola=35.654 max_vola=36 best_offer=8500 theor_price=-1.#IND quik_theor_price=6150 opt_qty=26
[04/03/16 12:04:41] Debug: ----------------------------------------------------------------------------------------------------
[04/03/16 12:04:41] Debug: Processing SmartOrder >> 6323
[04/03/16 12:04:41] Debug: Parameters >> price=nil planned=0 position=0 order_qty=nil
[04/03/16 12:04:41] Debug: ----------------------------------------------------------------------------------------------------
[04/03/16 12:04:41] Debug: Processing SmartOrder >> 6641
[04/03/16 12:04:41] Debug: Parameters >> price=86270 planned=0 position=0 order_qty=nil
[04/03/16 12:04:41] Debug: ----------------------------------------------------------------------------------------------------
[04/03/16 12:04:41] Debug: Processing SmartOrder >> 6323
[04/03/16 12:04:41] Debug: Parameters >> price=nil planned=0 position=0 order_qty=nil
[04/03/16 12:04:41] Debug: ----------------------------------------------------------------------------------------------------
[04/03/16 12:04:41] Debug: Processing SmartOrder >> 6641
[04/03/16 12:04:41] Debug: Parameters >> price=86270 planned=0 position=0 order_qty=nil
[04/03/16 12:04:41] Debug: ==============================================================================================#1=
[04/03/16 12:04:41] Debug: vola=35.654 max_vola=36 best_offer=8500 theor_price=-1.#IND quik_theor_price=6150 opt_qty=28
[04/03/16 12:04:41] Debug: ----------------------------------------------------------------------------------------------------
[04/03/16 12:04:41] Debug: Processing SmartOrder >> 6323
[04/03/16 12:04:41] Debug: Parameters >> price=nil planned=0 position=0 order_qty=nil
[04/03/16 12:04:41] Debug: ----------------------------------------------------------------------------------------------------
[04/03/16 12:04:41] Debug: Processing SmartOrder >> 6641
[04/03/16 12:04:41] Debug: Parameters >> price=86270 planned=0 position=0 order_qty=nil
[04/03/16 12:04:41] Debug: ----------------------------------------------------------------------------------------------------
[04/03/16 12:04:41] Debug: Processing SmartOrder >> 6323
[04/03/16 12:04:41] Debug: Parameters >> price=nil planned=0 position=0 order_qty=nil
[04/03/16 12:04:41] Debug: ----------------------------------------------------------------------------------------------------
[04/03/16 12:04:41] Debug: Processing SmartOrder >> 6641
[04/03/16 12:04:41] Debug: Parameters >> price=86270 planned=0 position=0 order_qty=nil
[04/03/16 12:04:41] Debug: ==============================================================================================#1=
[04/03/16 12:04:41] Debug: vola=35.654 max_vola=36 best_offer=8500 theor_price=-1.#IND quik_theor_price=6150 opt_qty=30
[04/03/16 12:04:41] Debug: ----------------------------------------------------------------------------------------------------
[04/03/16 12:04:41] Debug: Processing SmartOrder >> 6323
[04/03/16 12:04:41] Debug: Parameters >> price=nil planned=0 position=0 order_qty=nil
[04/03/16 12:04:41] Debug: ----------------------------------------------------------------------------------------------------
[04/03/16 12:04:41] Debug: Processing SmartOrder >> 6641
[04/03/16 12:04:41] Debug: Parameters >> price=86270 planned=0 position=0 order_qty=nil
[04/03/16 12:04:41] Debug: ----------------------------------------------------------------------------------------------------
[04/03/16 12:04:41] Debug: Processing SmartOrder >> 6323
[04/03/16 12:04:41] Debug: Parameters >> price=nil planned=0 position=0 order_qty=nil
[04/03/16 12:04:41] Debug: ----------------------------------------------------------------------------------------------------
[04/03/16 12:04:41] Debug: Processing SmartOrder >> 6641
[04/03/16 12:04:41] Debug: Parameters >> price=86270 planned=0 position=0 order_qty=nil
[04/03/16 12:04:41] Debug: ==============================================================================================#1=
[04/03/16 12:04:41] Debug: vola=35.654 max_vola=36 best_offer=8500 theor_price=-1.#IND quik_theor_price=6150 opt_qty=32
[04/03/16 12:04:41] Debug: ----------------------------------------------------------------------------------------------------
[04/03/16 12:04:41] Debug: Processing SmartOrder >> 6323
[04/03/16 12:04:41] Debug: Parameters >> price=nil planned=0 position=0 order_qty=nil
[04/03/16 12:04:41] Debug: ----------------------------------------------------------------------------------------------------
[04/03/16 12:04:41] Debug: Processing SmartOrder >> 6641
[04/03/16 12:04:41] Debug: Parameters >> price=86270 planned=0 position=0 order_qty=nil
[04/03/16 12:04:41] Debug: ----------------------------------------------------------------------------------------------------
[04/03/16 12:04:41] Debug: Processing SmartOrder >> 6323
[04/03/16 12:04:41] Debug: Parameters >> price=nil planned=0 position=0 order_qty=nil
[04/03/16 12:04:41] Debug: ----------------------------------------------------------------------------------------------------
[04/03/16 12:04:41] Debug: Processing SmartOrder >> 6641
[04/03/16 12:04:41] Debug: Parameters >> price=86270 planned=0 position=0 order_qty=nil
[04/03/16 12:04:42] Debug: ==============================================================================================#1=
[04/03/16 12:04:42] Debug: vola=35.654 max_vola=36 best_offer=8500 theor_price=-1.#IND quik_theor_price=6150 opt_qty=34
[04/03/16 12:04:42] Debug: ----------------------------------------------------------------------------------------------------
[04/03/16 12:04:42] Debug: Processing SmartOrder >> 6323
[04/03/16 12:04:42] Debug: Parameters >> price=nil planned=0 position=0 order_qty=nil
[04/03/16 12:04:42] Debug: ----------------------------------------------------------------------------------------------------
[04/03/16 12:04:42] Debug: Processing SmartOrder >> 6641
[04/03/16 12:04:42] Debug: Parameters >> price=86270 planned=0 position=0 order_qty=nil
[04/03/16 12:04:42] Debug: ----------------------------------------------------------------------------------------------------
[04/03/16 12:04:42] Debug: Processing SmartOrder >> 6323
[04/03/16 12:04:42] Debug: Parameters >> price=nil planned=0 position=0 order_qty=nil
[04/03/16 12:04:42] Debug: ----------------------------------------------------------------------------------------------------
[04/03/16 12:04:42] Debug: Processing SmartOrder >> 6641
[04/03/16 12:04:42] Debug: Parameters >> price=86270 planned=0 position=0 order_qty=nil
[04/03/16 12:04:42] Debug: ==============================================================================================#1=
[04/03/16 12:04:42] Debug: vola=35.654 max_vola=36 best_offer=8500 theor_price=-1.#IND quik_theor_price=6150 opt_qty=36
[04/03/16 12:04:42] Debug: ----------------------------------------------------------------------------------------------------
[04/03/16 12:04:42] Debug: Processing SmartOrder >> 6323
[04/03/16 12:04:42] Debug: Parameters >> price=nil planned=0 position=0 order_qty=nil
[04/03/16 12:04:42] Debug: ----------------------------------------------------------------------------------------------------
[04/03/16 12:04:42] Debug: Processing SmartOrder >> 6641
[04/03/16 12:04:42] Debug: Parameters >> price=86270 planned=0 position=0 order_qty=nil
[04/03/16 12:04:42] Debug: ----------------------------------------------------------------------------------------------------
[04/03/16 12:04:42] Debug: Processing SmartOrder >> 6323
[04/03/16 12:04:42] Debug: Parameters >> price=nil planned=0 position=0 order_qty=nil
[04/03/16 12:04:42] Debug: ----------------------------------------------------------------------------------------------------
[04/03/16 12:04:42] Debug: Processing SmartOrder >> 6641
[04/03/16 12:04:42] Debug: Parameters >> price=86270 planned=0 position=0 order_qty=nil
[04/03/16 12:04:42] Debug: ==============================================================================================#1=
[04/03/16 12:04:42] Debug: vola=35.654 max_vola=36 best_offer=8500 theor_price=-1.#IND quik_theor_price=6150 opt_qty=38
[04/03/16 12:04:42] Debug: ----------------------------------------------------------------------------------------------------
[04/03/16 12:04:42] Debug: Processing SmartOrder >> 6323
[04/03/16 12:04:42] Debug: Parameters >> price=nil planned=0 position=0 order_qty=nil
[04/03/16 12:04:42] Debug: ----------------------------------------------------------------------------------------------------
[04/03/16 12:04:42] Debug: Processing SmartOrder >> 6641
[04/03/16 12:04:42] Debug: Parameters >> price=86270 planned=0 position=0 order_qty=nil
[04/03/16 12:04:42] Debug: ----------------------------------------------------------------------------------------------------
[04/03/16 12:04:42] Debug: Processing SmartOrder >> 6323
[04/03/16 12:04:42] Debug: Parameters >> price=nil planned=0 position=0 order_qty=nil
[04/03/16 12:04:42] Debug: ----------------------------------------------------------------------------------------------------
[04/03/16 12:04:42] Debug: Processing SmartOrder >> 6641
[04/03/16 12:04:42] Debug: Parameters >> price=86270 planned=0 position=0 order_qty=nil
[04/03/16 12:04:42] Debug: ==============================================================================================#1=
[04/03/16 12:04:42] Debug: vola=35.654 max_vola=36 best_offer=8500 theor_price=-1.#IND quik_theor_price=6150 opt_qty=40
[04/03/16 12:04:42] Debug: ----------------------------------------------------------------------------------------------------
[04/03/16 12:04:42] Debug: Processing SmartOrder >> 6323
[04/03/16 12:04:42] Debug: Parameters >> price=nil planned=0 position=0 order_qty=nil
[04/03/16 12:04:42] Debug: ----------------------------------------------------------------------------------------------------
[04/03/16 12:04:42] Debug: Processing SmartOrder >> 6641
[04/03/16 12:04:42] Debug: Parameters >> price=86270 planned=0 position=0 order_qty=nil
[04/03/16 12:04:42] Debug: ----------------------------------------------------------------------------------------------------
[04/03/16 12:04:42] Debug: Processing SmartOrder >> 6323
[04/03/16 12:04:42] Debug: Parameters >> price=nil planned=0 position=0 order_qty=nil
[04/03/16 12:04:42] Debug: ----------------------------------------------------------------------------------------------------
[04/03/16 12:04:42] Debug: Processing SmartOrder >> 6641
[04/03/16 12:04:42] Debug: Parameters >> price=86270 planned=0 position=0 order_qty=nil
[04/03/16 12:04:42] Debug: ==============================================================================================#1=
[04/03/16 12:04:42] Debug: vola=35.654 max_vola=36 best_offer=8500 theor_price=-1.#IND quik_theor_price=6150 opt_qty=42
[04/03/16 12:04:42] Debug: ----------------------------------------------------------------------------------------------------
[04/03/16 12:04:42] Debug: Processing SmartOrder >> 6323
[04/03/16 12:04:42] Debug: Parameters >> price=nil planned=0 position=0 order_qty=nil
[04/03/16 12:04:42] Debug: ----------------------------------------------------------------------------------------------------
[04/03/16 12:04:42] Debug: Processing SmartOrder >> 6641
[04/03/16 12:04:42] Debug: Parameters >> price=86270 planned=0 position=0 order_qty=nil
[04/03/16 12:04:42] Debug: ----------------------------------------------------------------------------------------------------
[04/03/16 12:04:42] Debug: Processing SmartOrder >> 6323
[04/03/16 12:04:42] Debug: Parameters >> price=nil planned=0 position=0 order_qty=nil
[04/03/16 12:04:42] Debug: ----------------------------------------------------------------------------------------------------
[04/03/16 12:04:42] Debug: Processing SmartOrder >> 6641
[04/03/16 12:04:42] Debug: Parameters >> price=86270 planned=0 position=0 order_qty=nil
[04/03/16 12:04:43] Debug: ==============================================================================================#1=
[04/03/16 12:04:43] Debug: vola=35.654 max_vola=36 best_offer=8500 theor_price=-1.#IND quik_theor_price=6150 opt_qty=44
[04/03/16 12:04:43] Debug: ----------------------------------------------------------------------------------------------------
[04/03/16 12:04:43] Debug: Processing SmartOrder >> 6323
[04/03/16 12:04:43] Debug: Parameters >> price=nil planned=0 position=0 order_qty=nil
[04/03/16 12:04:43] Debug: ----------------------------------------------------------------------------------------------------
[04/03/16 12:04:43] Debug: Processing SmartOrder >> 6641
[04/03/16 12:04:43] Debug: Parameters >> price=86270 planned=0 position=0 order_qty=nil
[04/03/16 12:04:43] Debug: ----------------------------------------------------------------------------------------------------
[04/03/16 12:04:43] Debug: Processing SmartOrder >> 6323
[04/03/16 12:04:43] Debug: Parameters >> price=nil planned=0 position=0 order_qty=nil
[04/03/16 12:04:43] Debug: ----------------------------------------------------------------------------------------------------
[04/03/16 12:04:43] Debug: Processing SmartOrder >> 6641
[04/03/16 12:04:43] Debug: Parameters >> price=86270 planned=0 position=0 order_qty=nil
[04/03/16 12:04:43] Debug: ==============================================================================================#1=
[04/03/16 12:04:43] Debug: vola=35.654 max_vola=36 best_offer=8500 theor_price=-1.#IND quik_theor_price=6150 opt_qty=46
[04/03/16 12:04:43] Debug: ----------------------------------------------------------------------------------------------------
[04/03/16 12:04:43] Debug: Processing SmartOrder >> 6323
[04/03/16 12:04:43] Debug: Parameters >> price=nil planned=0 position=0 order_qty=nil
[04/03/16 12:04:43] Debug: ----------------------------------------------------------------------------------------------------
[04/03/16 12:04:43] Debug: Processing SmartOrder >> 6641
[04/03/16 12:04:43] Debug: Parameters >> price=86270 planned=0 position=0 order_qty=nil
[04/03/16 12:04:43] Debug: ----------------------------------------------------------------------------------------------------
[04/03/16 12:04:43] Debug: Processing SmartOrder >> 6323
[04/03/16 12:04:43] Debug: Parameters >> price=nil planned=0 position=0 order_qty=nil
[04/03/16 12:04:43] Debug: ----------------------------------------------------------------------------------------------------
[04/03/16 12:04:43] Debug: Processing SmartOrder >> 6641
[04/03/16 12:04:43] Debug: Parameters >> price=86270 planned=0 position=0 order_qty=nil
[04/03/16 12:04:43] Debug: ==============================================================================================#1=
[04/03/16 12:04:43] Debug: vola=35.654 max_vola=36 best_offer=8500 theor_price=-1.#IND quik_theor_price=6150 opt_qty=48
[04/03/16 12:04:43] Debug: ----------------------------------------------------------------------------------------------------
[04/03/16 12:04:43] Debug: Processing SmartOrder >> 6323
[04/03/16 12:04:43] Debug: Parameters >> price=nil planned=0 position=0 order_qty=nil
[04/03/16 12:04:43] Debug: ----------------------------------------------------------------------------------------------------
[04/03/16 12:04:43] Debug: Processing SmartOrder >> 6641
[04/03/16 12:04:43] Debug: Parameters >> price=86270 planned=0 position=0 order_qty=nil
[04/03/16 12:04:43] Debug: ----------------------------------------------------------------------------------------------------
[04/03/16 12:04:43] Debug: Processing SmartOrder >> 6323
[04/03/16 12:04:43] Debug: Parameters >> price=nil planned=0 position=0 order_qty=nil
[04/03/16 12:04:43] Debug: ----------------------------------------------------------------------------------------------------
[04/03/16 12:04:43] Debug: Processing SmartOrder >> 6641
[04/03/16 12:04:43] Debug: Parameters >> price=86270 planned=0 position=0 order_qty=nil
[04/03/16 12:04:43] Debug: ==============================================================================================#1=
[04/03/16 12:04:43] Debug: vola=35.654 max_vola=36 best_offer=8500 theor_price=-1.#IND quik_theor_price=6150 opt_qty=50
[04/03/16 12:04:43] Debug: ----------------------------------------------------------------------------------------------------
[04/03/16 12:04:43] Debug: Processing SmartOrder >> 6323
[04/03/16 12:04:43] Debug: Parameters >> price=nil planned=0 position=0 order_qty=nil
[04/03/16 12:04:43] Debug: ----------------------------------------------------------------------------------------------------
[04/03/16 12:04:43] Debug: Processing SmartOrder >> 6641
[04/03/16 12:04:43] Debug: Parameters >> price=86270 planned=0 position=0 order_qty=nil
[04/03/16 12:04:43] Debug: ----------------------------------------------------------------------------------------------------
[04/03/16 12:04:43] Debug: Processing SmartOrder >> 6323
[04/03/16 12:04:43] Debug: Parameters >> price=nil planned=0 position=0 order_qty=nil
[04/03/16 12:04:43] Debug: ----------------------------------------------------------------------------------------------------
[04/03/16 12:04:43] Debug: Processing SmartOrder >> 6641
[04/03/16 12:04:43] Debug: Parameters >> price=86270 planned=0 position=0 order_qty=nil
[04/03/16 12:04:43] Debug: ==============================================================================================#1=
[04/03/16 12:04:43] Debug: vola=35.654 max_vola=36 best_offer=8500 theor_price=-1.#IND quik_theor_price=6150 opt_qty=52
[04/03/16 12:04:43] Debug: ----------------------------------------------------------------------------------------------------
[04/03/16 12:04:43] Debug: Processing SmartOrder >> 6323
[04/03/16 12:04:43] Debug: Parameters >> price=nil planned=0 position=0 order_qty=nil
[04/03/16 12:04:43] Debug: ----------------------------------------------------------------------------------------------------
[04/03/16 12:04:43] Debug: Processing SmartOrder >> 6641
[04/03/16 12:04:43] Debug: Parameters >> price=86270 planned=0 position=0 order_qty=nil
[04/03/16 12:04:43] Debug: ----------------------------------------------------------------------------------------------------
[04/03/16 12:04:43] Debug: Processing SmartOrder >> 6323
[04/03/16 12:04:43] Debug: Parameters >> price=nil planned=0 position=0 order_qty=nil
[04/03/16 12:04:43] Debug: ----------------------------------------------------------------------------------------------------
[04/03/16 12:04:43] Debug: Processing SmartOrder >> 6641
[04/03/16 12:04:43] Debug: Parameters >> price=86270 planned=0 position=0 order_qty=nil
[04/03/16 12:04:44] Debug: ==============================================================================================#1=
[04/03/16 12:04:44] Debug: vola=35.654 max_vola=36 best_offer=8500 theor_price=-1.#IND quik_theor_price=6150 opt_qty=54
[04/03/16 12:04:44] Debug: ----------------------------------------------------------------------------------------------------
[04/03/16 12:04:44] Debug: Processing SmartOrder >> 6323
[04/03/16 12:04:44] Debug: Parameters >> price=nil planned=0 position=0 order_qty=nil
[04/03/16 12:04:44] Debug: ----------------------------------------------------------------------------------------------------
[04/03/16 12:04:44] Debug: Processing SmartOrder >> 6641
[04/03/16 12:04:44] Debug: Parameters >> price=86270 planned=0 position=0 order_qty=nil
[04/03/16 12:04:44] Debug: ----------------------------------------------------------------------------------------------------
[04/03/16 12:04:44] Debug: Processing SmartOrder >> 6323
[04/03/16 12:04:44] Debug: Parameters >> price=nil planned=0 position=0 order_qty=nil
[04/03/16 12:04:44] Debug: ----------------------------------------------------------------------------------------------------
[04/03/16 12:04:44] Debug: Processing SmartOrder >> 6641
[04/03/16 12:04:44] Debug: Parameters >> price=86270 planned=0 position=0 order_qty=nil
[04/03/16 12:04:44] Debug: ==============================================================================================#1=
[04/03/16 12:04:44] Debug: vola=35.654 max_vola=36 best_offer=8500 theor_price=-1.#IND quik_theor_price=6150 opt_qty=56
[04/03/16 12:04:44] Debug: ----------------------------------------------------------------------------------------------------
[04/03/16 12:04:44] Debug: Processing SmartOrder >> 6323
[04/03/16 12:04:44] Debug: Parameters >> price=nil planned=0 position=0 order_qty=nil
[04/03/16 12:04:44] Debug: ----------------------------------------------------------------------------------------------------
[04/03/16 12:04:44] Debug: Processing SmartOrder >> 6641
[04/03/16 12:04:44] Debug: Parameters >> price=86270 planned=0 position=0 order_qty=nil
[04/03/16 12:04:44] Debug: ----------------------------------------------------------------------------------------------------
[04/03/16 12:04:44] Debug: Processing SmartOrder >> 6323
[04/03/16 12:04:44] Debug: Parameters >> price=nil planned=0 position=0 order_qty=nil
[04/03/16 12:04:44] Debug: ----------------------------------------------------------------------------------------------------
[04/03/16 12:04:44] Debug: Processing SmartOrder >> 6641
[04/03/16 12:04:44] Debug: Parameters >> price=86270 planned=0 position=0 order_qty=nil
[04/03/16 12:04:44] Debug: ==============================================================================================#1=
[04/03/16 12:04:44] Debug: vola=35.654 max_vola=36 best_offer=8500 theor_price=-1.#IND quik_theor_price=6150 opt_qty=58
[04/03/16 12:04:44] Debug: ----------------------------------------------------------------------------------------------------
[04/03/16 12:04:44] Debug: Processing SmartOrder >> 6323
[04/03/16 12:04:44] Debug: Parameters >> price=nil planned=0 position=0 order_qty=nil
[04/03/16 12:04:44] Debug: ----------------------------------------------------------------------------------------------------
[04/03/16 12:04:44] Debug: Processing SmartOrder >> 6641
[04/03/16 12:04:44] Debug: Parameters >> price=86270 planned=0 position=0 order_qty=nil
[04/03/16 12:04:44] Debug: ----------------------------------------------------------------------------------------------------
[04/03/16 12:04:44] Debug: Processing SmartOrder >> 6323
[04/03/16 12:04:44] Debug: Parameters >> price=nil planned=0 position=0 order_qty=nil
[04/03/16 12:04:44] Debug: ----------------------------------------------------------------------------------------------------
[04/03/16 12:04:44] Debug: Processing SmartOrder >> 6641
[04/03/16 12:04:44] Debug: Parameters >> price=86270 planned=0 position=0 order_qty=nil
[04/03/16 12:04:44] Debug: ==============================================================================================#1=
[04/03/16 12:04:44] Debug: vola=35.654 max_vola=36 best_offer=8500 theor_price=-1.#IND quik_theor_price=6150 opt_qty=60
[04/03/16 12:04:44] Debug: ----------------------------------------------------------------------------------------------------
[04/03/16 12:04:44] Debug: Processing SmartOrder >> 6323
[04/03/16 12:04:44] Debug: Parameters >> price=nil planned=0 position=0 order_qty=nil
[04/03/16 12:04:44] Debug: ----------------------------------------------------------------------------------------------------
[04/03/16 12:04:44] Debug: Processing SmartOrder >> 6641
[04/03/16 12:04:44] Debug: Parameters >> price=86270 planned=0 position=0 order_qty=nil
[04/03/16 12:04:44] Debug: ----------------------------------------------------------------------------------------------------
[04/03/16 12:04:44] Debug: Processing SmartOrder >> 6323
[04/03/16 12:04:44] Debug: Parameters >> price=nil planned=0 position=0 order_qty=nil
[04/03/16 12:04:44] Debug: ----------------------------------------------------------------------------------------------------
[04/03/16 12:04:44] Debug: Processing SmartOrder >> 6641
[04/03/16 12:04:44] Debug: Parameters >> price=86270 planned=0 position=0 order_qty=nil
[04/03/16 12:04:44] Debug: ==============================================================================================#1=
[04/03/16 12:04:44] Debug: vola=35.654 max_vola=36 best_offer=8500 theor_price=-1.#IND quik_theor_price=6150 opt_qty=62
[04/03/16 12:04:44] Debug: ----------------------------------------------------------------------------------------------------
[04/03/16 12:04:44] Debug: Processing SmartOrder >> 6323
[04/03/16 12:04:44] Debug: Parameters >> price=nil planned=0 position=0 order_qty=nil
[04/03/16 12:04:44] Debug: ----------------------------------------------------------------------------------------------------
[04/03/16 12:04:44] Debug: Processing SmartOrder >> 6641
[04/03/16 12:04:44] Debug: Parameters >> price=86270 planned=0 position=0 order_qty=nil
[04/03/16 12:04:44] Debug: ----------------------------------------------------------------------------------------------------
[04/03/16 12:04:44] Debug: Processing SmartOrder >> 6323
[04/03/16 12:04:44] Debug: Parameters >> price=nil planned=0 position=0 order_qty=nil
[04/03/16 12:04:44] Debug: ----------------------------------------------------------------------------------------------------
[04/03/16 12:04:44] Debug: Processing SmartOrder >> 6641
[04/03/16 12:04:44] Debug: Parameters >> price=86270 planned=0 position=0 order_qty=nil
[04/03/16 12:04:45] Debug: ==============================================================================================#1=
[04/03/16 12:04:45] Debug: vola=35.654 max_vola=36 best_offer=8500 theor_price=-1.#IND quik_theor_price=6150 opt_qty=64
[04/03/16 12:04:45] Debug: ----------------------------------------------------------------------------------------------------
[04/03/16 12:04:45] Debug: Processing SmartOrder >> 6323
[04/03/16 12:04:45] Debug: Parameters >> price=nil planned=0 position=0 order_qty=nil
[04/03/16 12:04:45] Debug: ----------------------------------------------------------------------------------------------------
[04/03/16 12:04:45] Debug: Processing SmartOrder >> 6641
[04/03/16 12:04:45] Debug: Parameters >> price=86270 planned=0 position=0 order_qty=nil
[04/03/16 12:04:45] Debug: ----------------------------------------------------------------------------------------------------
[04/03/16 12:04:45] Debug: Processing SmartOrder >> 6323
[04/03/16 12:04:45] Debug: Parameters >> price=nil planned=0 position=0 order_qty=nil
[04/03/16 12:04:45] Debug: ----------------------------------------------------------------------------------------------------
[04/03/16 12:04:45] Debug: Processing SmartOrder >> 6641
[04/03/16 12:04:45] Debug: Parameters >> price=86270 planned=0 position=0 order_qty=nil
[04/03/16 12:04:45] Debug: ==============================================================================================#1=
[04/03/16 12:04:45] Debug: vola=35.654 max_vola=36 best_offer=8500 theor_price=-1.#IND quik_theor_price=6150 opt_qty=66
[04/03/16 12:04:45] Debug: ----------------------------------------------------------------------------------------------------
[04/03/16 12:04:45] Debug: Processing SmartOrder >> 6323
[04/03/16 12:04:45] Debug: Parameters >> price=nil planned=0 position=0 order_qty=nil
[04/03/16 12:04:45] Debug: ----------------------------------------------------------------------------------------------------
[04/03/16 12:04:45] Debug: Processing SmartOrder >> 6641
[04/03/16 12:04:45] Debug: Parameters >> price=86270 planned=0 position=0 order_qty=nil
[04/03/16 12:04:45] Debug: ----------------------------------------------------------------------------------------------------
[04/03/16 12:04:45] Debug: Processing SmartOrder >> 6323
[04/03/16 12:04:45] Debug: Parameters >> price=nil planned=0 position=0 order_qty=nil
[04/03/16 12:04:45] Debug: ----------------------------------------------------------------------------------------------------
[04/03/16 12:04:45] Debug: Processing SmartOrder >> 6641
[04/03/16 12:04:45] Debug: Parameters >> price=86270 planned=0 position=0 order_qty=nil
[04/03/16 12:04:45] Debug: ==============================================================================================#1=
[04/03/16 12:04:45] Debug: vola=35.654 max_vola=36 best_offer=8500 theor_price=-1.#IND quik_theor_price=6150 opt_qty=68
[04/03/16 12:04:45] Debug: ----------------------------------------------------------------------------------------------------
[04/03/16 12:04:45] Debug: Processing SmartOrder >> 6323
[04/03/16 12:04:45] Debug: Parameters >> price=nil planned=0 position=0 order_qty=nil
[04/03/16 12:04:45] Debug: ----------------------------------------------------------------------------------------------------
[04/03/16 12:04:45] Debug: Processing SmartOrder >> 6641
[04/03/16 12:04:45] Debug: Parameters >> price=86270 planned=0 position=0 order_qty=nil
[04/03/16 12:04:45] Debug: ----------------------------------------------------------------------------------------------------
[04/03/16 12:04:45] Debug: Processing SmartOrder >> 6323
[04/03/16 12:04:45] Debug: Parameters >> price=nil planned=0 position=0 order_qty=nil
[04/03/16 12:04:45] Debug: ----------------------------------------------------------------------------------------------------
[04/03/16 12:04:45] Debug: Processing SmartOrder >> 6641
[04/03/16 12:04:45] Debug: Parameters >> price=86270 planned=0 position=0 order_qty=nil
[04/03/16 12:04:45] Debug: ==============================================================================================#1=
[04/03/16 12:04:45] Debug: vola=35.654 max_vola=36 best_offer=8500 theor_price=-1.#IND quik_theor_price=6150 opt_qty=70
[04/03/16 12:04:45] Debug: ----------------------------------------------------------------------------------------------------
[04/03/16 12:04:45] Debug: Processing SmartOrder >> 6323
[04/03/16 12:04:45] Debug: Parameters >> price=nil planned=0 position=0 order_qty=nil
[04/03/16 12:04:45] Debug: ----------------------------------------------------------------------------------------------------
[04/03/16 12:04:45] Debug: Processing SmartOrder >> 6641
[04/03/16 12:04:45] Debug: Parameters >> price=86270 planned=0 position=0 order_qty=nil
[04/03/16 12:04:45] Debug: ----------------------------------------------------------------------------------------------------
[04/03/16 12:04:45] Debug: Processing SmartOrder >> 6323
[04/03/16 12:04:45] Debug: Parameters >> price=nil planned=0 position=0 order_qty=nil
[04/03/16 12:04:45] Debug: ----------------------------------------------------------------------------------------------------
[04/03/16 12:04:45] Debug: Processing SmartOrder >> 6641
[04/03/16 12:04:45] Debug: Parameters >> price=86270 planned=0 position=0 order_qty=nil
[04/03/16 12:04:45] Debug: ==============================================================================================#1=
[04/03/16 12:04:45] Debug: vola=35.654 max_vola=36 best_offer=8500 theor_price=-1.#IND quik_theor_price=6150 opt_qty=72
[04/03/16 12:04:45] Debug: ----------------------------------------------------------------------------------------------------
[04/03/16 12:04:45] Debug: Processing SmartOrder >> 6323
[04/03/16 12:04:45] Debug: Parameters >> price=nil planned=0 position=0 order_qty=nil
[04/03/16 12:04:45] Debug: ----------------------------------------------------------------------------------------------------
[04/03/16 12:04:45] Debug: Processing SmartOrder >> 6641
[04/03/16 12:04:45] Debug: Parameters >> price=86270 planned=0 position=0 order_qty=nil
[04/03/16 12:04:45] Debug: ----------------------------------------------------------------------------------------------------
[04/03/16 12:04:45] Debug: Processing SmartOrder >> 6323
[04/03/16 12:04:45] Debug: Parameters >> price=nil planned=0 position=0 order_qty=nil
[04/03/16 12:04:45] Debug: ----------------------------------------------------------------------------------------------------
[04/03/16 12:04:45] Debug: Processing SmartOrder >> 6641
[04/03/16 12:04:45] Debug: Parameters >> price=86270 planned=0 position=0 order_qty=nil
[04/03/16 12:04:46] Debug: ==============================================================================================#1=
[04/03/16 12:04:46] Debug: vola=35.654 max_vola=36 best_offer=8500 theor_price=-1.#IND quik_theor_price=6150 opt_qty=74
[04/03/16 12:04:46] Debug: ----------------------------------------------------------------------------------------------------
[04/03/16 12:04:46] Debug: Processing SmartOrder >> 6323
[04/03/16 12:04:46] Debug: Parameters >> price=nil planned=0 position=0 order_qty=nil
[04/03/16 12:04:46] Debug: ----------------------------------------------------------------------------------------------------
[04/03/16 12:04:46] Debug: Processing SmartOrder >> 6641
[04/03/16 12:04:46] Debug: Parameters >> price=86270 planned=0 position=0 order_qty=nil
[04/03/16 12:04:46] Debug: ----------------------------------------------------------------------------------------------------
[04/03/16 12:04:46] Debug: Processing SmartOrder >> 6323
[04/03/16 12:04:46] Debug: Parameters >> price=nil planned=0 position=0 order_qty=nil
[04/03/16 12:04:46] Debug: ----------------------------------------------------------------------------------------------------
[04/03/16 12:04:46] Debug: Processing SmartOrder >> 6641
[04/03/16 12:04:46] Debug: Parameters >> price=86270 planned=0 position=0 order_qty=nil
[04/03/16 12:04:46] Debug: ==============================================================================================#1=
[04/03/16 12:04:46] Debug: vola=35.654 max_vola=36 best_offer=8500 theor_price=-1.#IND quik_theor_price=6150 opt_qty=76
[04/03/16 12:04:46] Debug: ----------------------------------------------------------------------------------------------------
[04/03/16 12:04:46] Debug: Processing SmartOrder >> 6323
[04/03/16 12:04:46] Debug: Parameters >> price=nil planned=0 position=0 order_qty=nil
[04/03/16 12:04:46] Debug: ----------------------------------------------------------------------------------------------------
[04/03/16 12:04:46] Debug: Processing SmartOrder >> 6641
[04/03/16 12:04:46] Debug: Parameters >> price=86270 planned=0 position=0 order_qty=nil
[04/03/16 12:04:46] Debug: ----------------------------------------------------------------------------------------------------
[04/03/16 12:04:46] Debug: Processing SmartOrder >> 6323
[04/03/16 12:04:46] Debug: Parameters >> price=nil planned=0 position=0 order_qty=nil
[04/03/16 12:04:46] Debug: ----------------------------------------------------------------------------------------------------
[04/03/16 12:04:46] Debug: Processing SmartOrder >> 6641
[04/03/16 12:04:46] Debug: Parameters >> price=86270 planned=0 position=0 order_qty=nil
[04/03/16 12:04:46] Debug: ==============================================================================================#1=
[04/03/16 12:04:46] Debug: vola=35.654 max_vola=36 best_offer=8500 theor_price=-1.#IND quik_theor_price=6150 opt_qty=78
[04/03/16 12:04:46] Debug: ----------------------------------------------------------------------------------------------------
[04/03/16 12:04:46] Debug: Processing SmartOrder >> 6323
[04/03/16 12:04:46] Debug: Parameters >> price=nil planned=0 position=0 order_qty=nil
[04/03/16 12:04:46] Debug: ----------------------------------------------------------------------------------------------------
[04/03/16 12:04:46] Debug: Processing SmartOrder >> 6641
[04/03/16 12:04:46] Debug: Parameters >> price=86270 planned=0 position=0 order_qty=nil
[04/03/16 12:04:46] Debug: ----------------------------------------------------------------------------------------------------
[04/03/16 12:04:46] Debug: Processing SmartOrder >> 6323
[04/03/16 12:04:46] Debug: Parameters >> price=nil planned=0 position=0 order_qty=nil
[04/03/16 12:04:46] Debug: ----------------------------------------------------------------------------------------------------
[04/03/16 12:04:46] Debug: Processing SmartOrder >> 6641
[04/03/16 12:04:46] Debug: Parameters >> price=86270 planned=0 position=0 order_qty=nil
[04/03/16 12:04:46] Debug: ==============================================================================================#1=
[04/03/16 12:04:46] Debug: vola=35.654 max_vola=36 best_offer=8500 theor_price=-1.#IND quik_theor_price=6150 opt_qty=80
[04/03/16 12:04:46] Debug: ----------------------------------------------------------------------------------------------------
[04/03/16 12:04:46] Debug: Processing SmartOrder >> 6323
[04/03/16 12:04:46] Debug: Parameters >> price=nil planned=0 position=0 order_qty=nil
[04/03/16 12:04:46] Debug: ----------------------------------------------------------------------------------------------------
[04/03/16 12:04:46] Debug: Processing SmartOrder >> 6641
[04/03/16 12:04:46] Debug: Parameters >> price=86270 planned=0 position=0 order_qty=nil
[04/03/16 12:04:46] Debug: ----------------------------------------------------------------------------------------------------
[04/03/16 12:04:46] Debug: Processing SmartOrder >> 6323
[04/03/16 12:04:46] Debug: Parameters >> price=nil planned=0 position=0 order_qty=nil
[04/03/16 12:04:46] Debug: ----------------------------------------------------------------------------------------------------
[04/03/16 12:04:46] Debug: Processing SmartOrder >> 6641
[04/03/16 12:04:46] Debug: Parameters >> price=86270 planned=0 position=0 order_qty=nil
[04/03/16 12:04:46] Debug: ==============================================================================================#1=
[04/03/16 12:04:46] Debug: vola=35.654 max_vola=36 best_offer=8500 theor_price=-1.#IND quik_theor_price=6150 opt_qty=82
[04/03/16 12:04:46] Debug: ----------------------------------------------------------------------------------------------------
[04/03/16 12:04:46] Debug: Processing SmartOrder >> 6323
[04/03/16 12:04:46] Debug: Parameters >> price=nil planned=0 position=0 order_qty=nil
[04/03/16 12:04:46] Debug: ----------------------------------------------------------------------------------------------------
[04/03/16 12:04:46] Debug: Processing SmartOrder >> 6641
[04/03/16 12:04:46] Debug: Parameters >> price=86270 planned=0 position=0 order_qty=nil
[04/03/16 12:04:46] Debug: ----------------------------------------------------------------------------------------------------
[04/03/16 12:04:46] Debug: Processing SmartOrder >> 6323
[04/03/16 12:04:46] Debug: Parameters >> price=nil planned=0 position=0 order_qty=nil
[04/03/16 12:04:46] Debug: ----------------------------------------------------------------------------------------------------
[04/03/16 12:04:46] Debug: Processing SmartOrder >> 6641
[04/03/16 12:04:46] Debug: Parameters >> price=86270 planned=0 position=0 order_qty=nil
[04/03/16 12:04:47] Debug: ==============================================================================================#1=
[04/03/16 12:04:47] Debug: vola=35.654 max_vola=36 best_offer=8500 theor_price=-1.#IND quik_theor_price=6150 opt_qty=84
[04/03/16 12:04:47] Debug: ----------------------------------------------------------------------------------------------------
[04/03/16 12:04:47] Debug: Processing SmartOrder >> 6323
[04/03/16 12:04:47] Debug: Parameters >> price=nil planned=0 position=0 order_qty=nil
[04/03/16 12:04:47] Debug: ----------------------------------------------------------------------------------------------------
[04/03/16 12:04:47] Debug: Processing SmartOrder >> 6641
[04/03/16 12:04:47] Debug: Parameters >> price=86270 planned=0 position=0 order_qty=nil
[04/03/16 12:04:47] Debug: ----------------------------------------------------------------------------------------------------
[04/03/16 12:04:47] Debug: Processing SmartOrder >> 6323
[04/03/16 12:04:47] Debug: Parameters >> price=nil planned=0 position=0 order_qty=nil
[04/03/16 12:04:47] Debug: ----------------------------------------------------------------------------------------------------
[04/03/16 12:04:47] Debug: Processing SmartOrder >> 6641
[04/03/16 12:04:47] Debug: Parameters >> price=86270 planned=0 position=0 order_qty=nil
[04/03/16 12:04:47] Debug: ==============================================================================================#1=
[04/03/16 12:04:47] Debug: vola=35.654 max_vola=36 best_offer=8500 theor_price=-1.#IND quik_theor_price=6150 opt_qty=86
[04/03/16 12:04:47] Debug: ----------------------------------------------------------------------------------------------------
[04/03/16 12:04:47] Debug: Processing SmartOrder >> 6323
[04/03/16 12:04:47] Debug: Parameters >> price=nil planned=0 position=0 order_qty=nil
[04/03/16 12:04:47] Debug: ----------------------------------------------------------------------------------------------------
[04/03/16 12:04:47] Debug: Processing SmartOrder >> 6641
[04/03/16 12:04:47] Debug: Parameters >> price=86270 planned=0 position=0 order_qty=nil
[04/03/16 12:04:47] Debug: ----------------------------------------------------------------------------------------------------
[04/03/16 12:04:47] Debug: Processing SmartOrder >> 6323
[04/03/16 12:04:47] Debug: Parameters >> price=nil planned=0 position=0 order_qty=nil
[04/03/16 12:04:47] Debug: ----------------------------------------------------------------------------------------------------
[04/03/16 12:04:47] Debug: Processing SmartOrder >> 6641
[04/03/16 12:04:47] Debug: Parameters >> price=86270 planned=0 position=0 order_qty=nil
[04/03/16 12:04:47] Debug: ==============================================================================================#1=
[04/03/16 12:04:47] Debug: vola=35.654 max_vola=36 best_offer=8500 theor_price=-1.#IND quik_theor_price=6150 opt_qty=88
[04/03/16 12:04:47] Debug: ----------------------------------------------------------------------------------------------------
[04/03/16 12:04:47] Debug: Processing SmartOrder >> 6323
[04/03/16 12:04:47] Debug: Parameters >> price=nil planned=0 position=0 order_qty=nil
[04/03/16 12:04:47] Debug: ----------------------------------------------------------------------------------------------------
[04/03/16 12:04:47] Debug: Processing SmartOrder >> 6641
[04/03/16 12:04:47] Debug: Parameters >> price=86270 planned=0 position=0 order_qty=nil
[04/03/16 12:04:47] Debug: ----------------------------------------------------------------------------------------------------
[04/03/16 12:04:47] Debug: Processing SmartOrder >> 6323
[04/03/16 12:04:47] Debug: Parameters >> price=nil planned=0 position=0 order_qty=nil
[04/03/16 12:04:47] Debug: ----------------------------------------------------------------------------------------------------
[04/03/16 12:04:47] Debug: Processing SmartOrder >> 6641
[04/03/16 12:04:47] Debug: Parameters >> price=86270 planned=0 position=0 order_qty=nil
[04/03/16 12:04:47] Debug: ==============================================================================================#1=
[04/03/16 12:04:47] Debug: vola=35.654 max_vola=36 best_offer=8500 theor_price=-1.#IND quik_theor_price=6150 opt_qty=90
[04/03/16 12:04:47] Debug: ----------------------------------------------------------------------------------------------------
[04/03/16 12:04:47] Debug: Processing SmartOrder >> 6323
[04/03/16 12:04:47] Debug: Parameters >> price=nil planned=0 position=0 order_qty=nil
[04/03/16 12:04:47] Debug: ----------------------------------------------------------------------------------------------------
[04/03/16 12:04:47] Debug: Processing SmartOrder >> 6641
[04/03/16 12:04:47] Debug: Parameters >> price=86270 planned=0 position=0 order_qty=nil
[04/03/16 12:04:47] Debug: ----------------------------------------------------------------------------------------------------
[04/03/16 12:04:47] Debug: Processing SmartOrder >> 6323
[04/03/16 12:04:47] Debug: Parameters >> price=nil planned=0 position=0 order_qty=nil
[04/03/16 12:04:47] Debug: ----------------------------------------------------------------------------------------------------
[04/03/16 12:04:47] Debug: Processing SmartOrder >> 6641
[04/03/16 12:04:47] Debug: Parameters >> price=86270 planned=0 position=0 order_qty=nil
[04/03/16 12:04:47] Debug: ==============================================================================================#1=
[04/03/16 12:04:47] Debug: vola=35.654 max_vola=36 best_offer=8500 theor_price=-1.#IND quik_theor_price=6150 opt_qty=92
[04/03/16 12:04:47] Debug: ----------------------------------------------------------------------------------------------------
[04/03/16 12:04:47] Debug: Processing SmartOrder >> 6323
[04/03/16 12:04:47] Debug: Parameters >> price=nil planned=0 position=0 order_qty=nil
[04/03/16 12:04:47] Debug: ----------------------------------------------------------------------------------------------------
[04/03/16 12:04:47] Debug: Processing SmartOrder >> 6641
[04/03/16 12:04:47] Debug: Parameters >> price=86270 planned=0 position=0 order_qty=nil
[04/03/16 12:04:47] Debug: ----------------------------------------------------------------------------------------------------
[04/03/16 12:04:47] Debug: Processing SmartOrder >> 6323
[04/03/16 12:04:47] Debug: Parameters >> price=nil planned=0 position=0 order_qty=nil
[04/03/16 12:04:47] Debug: ----------------------------------------------------------------------------------------------------
[04/03/16 12:04:47] Debug: Processing SmartOrder >> 6641
[04/03/16 12:04:47] Debug: Parameters >> price=86270 planned=0 position=0 order_qty=nil
[04/03/16 12:04:48] Debug: ==============================================================================================#1=
[04/03/16 12:04:48] Debug: vola=35.654 max_vola=36 best_offer=8500 theor_price=-1.#IND quik_theor_price=6150 opt_qty=94
[04/03/16 12:04:48] Debug: ----------------------------------------------------------------------------------------------------
[04/03/16 12:04:48] Debug: Processing SmartOrder >> 6323
[04/03/16 12:04:48] Debug: Parameters >> price=nil planned=0 position=0 order_qty=nil
[04/03/16 12:04:48] Debug: ----------------------------------------------------------------------------------------------------
[04/03/16 12:04:48] Debug: Processing SmartOrder >> 6641
[04/03/16 12:04:48] Debug: Parameters >> price=86270 planned=0 position=0 order_qty=nil
[04/03/16 12:04:48] Debug: ----------------------------------------------------------------------------------------------------
[04/03/16 12:04:48] Debug: Processing SmartOrder >> 6323
[04/03/16 12:04:48] Debug: Parameters >> price=nil planned=0 position=0 order_qty=nil
[04/03/16 12:04:48] Debug: ----------------------------------------------------------------------------------------------------
[04/03/16 12:04:48] Debug: Processing SmartOrder >> 6641
[04/03/16 12:04:48] Debug: Parameters >> price=86270 planned=0 position=0 order_qty=nil
[04/03/16 12:04:48] Debug: ==============================================================================================#1=
[04/03/16 12:04:48] Debug: vola=35.654 max_vola=36 best_offer=8500 theor_price=-1.#IND quik_theor_price=6150 opt_qty=96
[04/03/16 12:04:48] Debug: ----------------------------------------------------------------------------------------------------
[04/03/16 12:04:48] Debug: Processing SmartOrder >> 6323
[04/03/16 12:04:48] Debug: Parameters >> price=nil planned=0 position=0 order_qty=nil
[04/03/16 12:04:48] Debug: ----------------------------------------------------------------------------------------------------
[04/03/16 12:04:48] Debug: Processing SmartOrder >> 6641
[04/03/16 12:04:48] Debug: Parameters >> price=86270 planned=0 position=0 order_qty=nil
[04/03/16 12:04:48] Debug: ----------------------------------------------------------------------------------------------------
[04/03/16 12:04:48] Debug: Processing SmartOrder >> 6323
[04/03/16 12:04:48] Debug: Parameters >> price=nil planned=0 position=0 order_qty=nil
[04/03/16 12:04:48] Debug: ----------------------------------------------------------------------------------------------------
[04/03/16 12:04:48] Debug: Processing SmartOrder >> 6641
[04/03/16 12:04:48] Debug: Parameters >> price=86270 planned=0 position=0 order_qty=nil
[04/03/16 12:04:48] Debug: ==============================================================================================#1=
[04/03/16 12:04:48] Debug: vola=35.654 max_vola=36 best_offer=8500 theor_price=-1.#IND quik_theor_price=6150 opt_qty=98
[04/03/16 12:04:48] Debug: ----------------------------------------------------------------------------------------------------
[04/03/16 12:04:48] Debug: Processing SmartOrder >> 6323
[04/03/16 12:04:48] Debug: Parameters >> price=nil planned=0 position=0 order_qty=nil
[04/03/16 12:04:48] Debug: ----------------------------------------------------------------------------------------------------
[04/03/16 12:04:48] Debug: Processing SmartOrder >> 6641
[04/03/16 12:04:48] Debug: Parameters >> price=86270 planned=0 position=0 order_qty=nil
[04/03/16 12:04:48] Debug: ----------------------------------------------------------------------------------------------------
[04/03/16 12:04:48] Debug: Processing SmartOrder >> 6323
[04/03/16 12:04:48] Debug: Parameters >> price=nil planned=0 position=0 order_qty=nil
[04/03/16 12:04:48] Debug: ----------------------------------------------------------------------------------------------------
[04/03/16 12:04:48] Debug: Processing SmartOrder >> 6641
[04/03/16 12:04:48] Debug: Parameters >> price=86270 planned=0 position=0 order_qty=nil
[04/03/16 12:04:48] Debug: ==============================================================================================#1=
[04/03/16 12:04:48] Debug: vola=35.654 max_vola=36 best_offer=8500 theor_price=-1.#IND quik_theor_price=6150 opt_qty=100
[04/03/16 12:04:48] Debug: ----------------------------------------------------------------------------------------------------
[04/03/16 12:04:48] Debug: Processing SmartOrder >> 6323
[04/03/16 12:04:48] Debug: Parameters >> price=nil planned=0 position=0 order_qty=nil
[04/03/16 12:04:48] Debug: ----------------------------------------------------------------------------------------------------
[04/03/16 12:04:48] Debug: Processing SmartOrder >> 6641
[04/03/16 12:04:48] Debug: Parameters >> price=86270 planned=0 position=0 order_qty=nil
[04/03/16 12:04:48] Debug: ----------------------------------------------------------------------------------------------------
[04/03/16 12:04:48] Debug: Processing SmartOrder >> 6323
[04/03/16 12:04:48] Debug: Parameters >> price=nil planned=0 position=0 order_qty=nil
[04/03/16 12:04:48] Debug: ----------------------------------------------------------------------------------------------------
[04/03/16 12:04:48] Debug: Processing SmartOrder >> 6641
[04/03/16 12:04:48] Debug: Parameters >> price=86270 planned=0 position=0 order_qty=nil
[04/03/16 12:04:48] Debug: ==============================================================================================#1=
[04/03/16 12:04:48] Debug: vola=35.654 max_vola=36 best_offer=8500 theor_price=-1.#IND quik_theor_price=6150 opt_qty=102
[04/03/16 12:04:48] Debug: ----------------------------------------------------------------------------------------------------
[04/03/16 12:04:48] Debug: Processing SmartOrder >> 6323
[04/03/16 12:04:48] Debug: Parameters >> price=nil planned=0 position=0 order_qty=nil
[04/03/16 12:04:48] Debug: ----------------------------------------------------------------------------------------------------
[04/03/16 12:04:48] Debug: Processing SmartOrder >> 6641
[04/03/16 12:04:48] Debug: Parameters >> price=86270 planned=0 position=0 order_qty=nil
[04/03/16 12:04:48] Debug: ----------------------------------------------------------------------------------------------------
[04/03/16 12:04:48] Debug: Processing SmartOrder >> 6323
[04/03/16 12:04:48] Debug: Parameters >> price=nil planned=0 position=0 order_qty=nil
[04/03/16 12:04:48] Debug: ----------------------------------------------------------------------------------------------------
[04/03/16 12:04:48] Debug: Processing SmartOrder >> 6641
[04/03/16 12:04:48] Debug: Parameters >> price=86270 planned=0 position=0 order_qty=nil
[04/03/16 12:04:49] Debug: ==============================================================================================#1=
[04/03/16 12:04:49] Debug: vola=35.654 max_vola=36 best_offer=8500 theor_price=-1.#IND quik_theor_price=6150 opt_qty=104
[04/03/16 12:04:49] Debug: ----------------------------------------------------------------------------------------------------
[04/03/16 12:04:49] Debug: Processing SmartOrder >> 6323
[04/03/16 12:04:49] Debug: Parameters >> price=nil planned=0 position=0 order_qty=nil
[04/03/16 12:04:49] Debug: ----------------------------------------------------------------------------------------------------
[04/03/16 12:04:49] Debug: Processing SmartOrder >> 6641
[04/03/16 12:04:49] Debug: Parameters >> price=86270 planned=0 position=0 order_qty=nil
[04/03/16 12:04:49] Debug: ----------------------------------------------------------------------------------------------------
[04/03/16 12:04:49] Debug: Processing SmartOrder >> 6323
[04/03/16 12:04:49] Debug: Parameters >> price=nil planned=0 position=0 order_qty=nil
[04/03/16 12:04:49] Debug: ----------------------------------------------------------------------------------------------------
[04/03/16 12:04:49] Debug: Processing SmartOrder >> 6641
[04/03/16 12:04:49] Debug: Parameters >> price=86270 planned=0 position=0 order_qty=nil
[04/03/16 12:04:49] Debug: ==============================================================================================#1=
[04/03/16 12:04:49] Debug: vola=35.654 max_vola=36 best_offer=8500 theor_price=-1.#IND quik_theor_price=6150 opt_qty=106
[04/03/16 12:04:49] Debug: ----------------------------------------------------------------------------------------------------
[04/03/16 12:04:49] Debug: Processing SmartOrder >> 6323
[04/03/16 12:04:49] Debug: Parameters >> price=nil planned=0 position=0 order_qty=nil
[04/03/16 12:04:49] Debug: ----------------------------------------------------------------------------------------------------
[04/03/16 12:04:49] Debug: Processing SmartOrder >> 6641
[04/03/16 12:04:49] Debug: Parameters >> price=86270 planned=0 position=0 order_qty=nil
[04/03/16 12:04:49] Debug: ----------------------------------------------------------------------------------------------------
[04/03/16 12:04:49] Debug: Processing SmartOrder >> 6323
[04/03/16 12:04:49] Debug: Parameters >> price=nil planned=0 position=0 order_qty=nil
[04/03/16 12:04:49] Debug: ----------------------------------------------------------------------------------------------------
[04/03/16 12:04:49] Debug: Processing SmartOrder >> 6641
[04/03/16 12:04:49] Debug: Parameters >> price=86270 planned=0 position=0 order_qty=nil
[04/03/16 12:04:49] Debug: ==============================================================================================#1=
[04/03/16 12:04:49] Debug: vola=35.654 max_vola=36 best_offer=8500 theor_price=-1.#IND quik_theor_price=6150 opt_qty=108
[04/03/16 12:04:49] Debug: ----------------------------------------------------------------------------------------------------
[04/03/16 12:04:49] Debug: Processing SmartOrder >> 6323
[04/03/16 12:04:49] Debug: Parameters >> price=nil planned=0 position=0 order_qty=nil
[04/03/16 12:04:49] Debug: ----------------------------------------------------------------------------------------------------
[04/03/16 12:04:49] Debug: Processing SmartOrder >> 6641
[04/03/16 12:04:49] Debug: Parameters >> price=86270 planned=0 position=0 order_qty=nil
[04/03/16 12:04:49] Debug: ----------------------------------------------------------------------------------------------------
[04/03/16 12:04:49] Debug: Processing SmartOrder >> 6323
[04/03/16 12:04:49] Debug: Parameters >> price=nil planned=0 position=0 order_qty=nil
[04/03/16 12:04:49] Debug: ----------------------------------------------------------------------------------------------------
[04/03/16 12:04:49] Debug: Processing SmartOrder >> 6641
[04/03/16 12:04:49] Debug: Parameters >> price=86270 planned=0 position=0 order_qty=nil
[04/03/16 12:04:49] Debug: ==============================================================================================#1=
[04/03/16 12:04:49] Debug: vola=35.654 max_vola=36 best_offer=8500 theor_price=-1.#IND quik_theor_price=6150 opt_qty=110
[04/03/16 12:04:49] Debug: ----------------------------------------------------------------------------------------------------
[04/03/16 12:04:49] Debug: Processing SmartOrder >> 6323
[04/03/16 12:04:49] Debug: Parameters >> price=nil planned=0 position=0 order_qty=nil
[04/03/16 12:04:49] Debug: ----------------------------------------------------------------------------------------------------
[04/03/16 12:04:49] Debug: Processing SmartOrder >> 6641
[04/03/16 12:04:49] Debug: Parameters >> price=86270 planned=0 position=0 order_qty=nil
[04/03/16 12:04:49] Debug: ----------------------------------------------------------------------------------------------------
[04/03/16 12:04:49] Debug: Processing SmartOrder >> 6323
[04/03/16 12:04:49] Debug: Parameters >> price=nil planned=0 position=0 order_qty=nil
[04/03/16 12:04:49] Debug: ----------------------------------------------------------------------------------------------------
[04/03/16 12:04:49] Debug: Processing SmartOrder >> 6641
[04/03/16 12:04:49] Debug: Parameters >> price=86270 planned=0 position=0 order_qty=nil
[04/03/16 12:04:49] Debug: ==============================================================================================#1=
[04/03/16 12:04:49] Debug: vola=35.654 max_vola=36 best_offer=8500 theor_price=-1.#IND quik_theor_price=6150 opt_qty=112
[04/03/16 12:04:49] Debug: ----------------------------------------------------------------------------------------------------
[04/03/16 12:04:49] Debug: Processing SmartOrder >> 6323
[04/03/16 12:04:49] Debug: Parameters >> price=nil planned=0 position=0 order_qty=nil
[04/03/16 12:04:49] Debug: ----------------------------------------------------------------------------------------------------
[04/03/16 12:04:49] Debug: Processing SmartOrder >> 6641
[04/03/16 12:04:49] Debug: Parameters >> price=86270 planned=0 position=0 order_qty=nil
[04/03/16 12:04:49] Trace: Robot stopped
